<?xml version="1.0" encoding="UTF-8"?>
<!-- Generated by org.testng.reporters.JUnitReportReporter -->
<testsuite hostname="Monikas-MacBook-Pro.local" failures="0" tests="6" name="testscripts.TestMyPedia" time="69.104" errors="0" timestamp="2021-05-31T16:32:18 IST" skipped="0">
  <testcase classname="testscripts.TestMyPedia" name="closeTheIframe" time="40.325"/>
  <system-out/>
  <testcase classname="testscripts.TestMyPedia" name="createNewAccount" time="6.053"/>
  <system-out/>
  <testcase classname="testscripts.TestMyPedia" name="createNewAccount" time="5.874"/>
  <system-out/>
  <testcase classname="testscripts.TestMyPedia" name="verifyLanguageDropdown" time="4.336"/>
  <system-out/>
  <testcase classname="testscripts.TestMyPedia" name="createNewAccount" time="6.090"/>
  <system-out/>
  <testcase classname="testscripts.TestMyPedia" name="createNewAccount" time="6.426"/>
  <system-out/>
</testsuite> <!-- testscripts.TestMyPedia -->
